<?xml version="1.0" encoding="UTF-8"?>
<!-- Generated by org.testng.reporters.JUnitReportReporter -->
<testsuite hostname="Pranab" failures="0" tests="1" name="Test_Scenarios.TestMethods" time="10.571" errors="0" timestamp="2023-10-24T11:45:05 IST" skipped="0">
  <testcase classname="Test_Scenarios.TestMethods" name="searchOperation" time="10.571"/>
  <system-out/>
</testsuite> <!-- Test_Scenarios.TestMethods -->
